[   0.000] Initaling cgoususys puet
    0000] Initliing cgou sbsys cu[   0.0000 Itilizig rop subsycpuacct
[  00000] Liux verio 44.0-12enri (ild@lgw0-a64010) (ccersio 5.020609 Ubun 5.0-6buu1164.) ) 135-Ubunu MPFr Jn  1:4:3 UC 018 (Uun 4.4.0-12.35geric 4.48)
[  .000000] Command ne BT_AGE=bo/vliz-4.0-2-neric ro=LBE=cudmgrofsro coso=ty1 cnse=tyS0[    00000] ERELupportd us
[   .0000  ntelGeinInte
  0.0000  MDutheicD
[  000000] Cetau CtarHls
[  000000]x8fpu:xsatoffst[: 576,ste_size2]  25
   0.0000]86/f: uprtg XSE eaure 001 'x87 floin poit gite'[  00000] 6/puSuortinXSE fetu 002: SSreistes'
[   0.000] x86/f: Suorng XVEeature0x: 'AVXreiser'
  0.000] x/fpu Enle xta fatur 0, contt iz i83 besusing taard'foat
[   00000] x8fp: si 'azy F cntextwich.[   00000]e8: BIS-ovde pysical RM map
  0.0000 BOS82 [mem 00000000000x00000009fffusle
[  0.0000BI-e82 [m 0x000000009f0-0x000000ff] reserved
[    0.000]BIS-20 [mem 000000000000-0x00000000fff rseed
[    00000] IOe80:me0x0000001000-0x00007ffff] usbl
[   0.000] IO-e0: [mem 0x000007f00-0x00007ffff ACPI at
[   00000] BIO-e0: [m 0000000ffc000-x00000fffff] rervd   0.00000]NX (Exute sae) pteti: ctiv
  0.0000SMBIS 5 reen
[   00000] pevioretcted:KV
   0000] e0:ast_pf =x7ff m_ach_p =x4000000
[   0.000]TR Disaed
[  00000] 6/AT MRsdisale sipinPA iniiaizti t.
[  00000 C MTR a blak vitualzesytem.
[  0.00] x86PA Cnfiraon [07]WB WT C-C  WBWTUC-   
[  000000 fndSMMPablet [mm 0x09ff0-00ffff]apd at [ff8000ff]
[  00000 Snning aas forowmeor corruptio
    0.000]RAMDIK:me 0xad00-075fff]
  0.0000 API Erltablchcksum verifitin dibld   0.000] AI:SDP 0x00000000E000000 (2 VB  
[    0.0000] AI:XSDT0x000007FF030 0003 (v01 VBO  VBOXXSDT000001SL 0001)
  0.0000 AI: FCPx00000FF00 00F4 (4 OX   VXFCP 0001 ASL  0061)[  0.0000]ACPI:DS 000007FFF7001CEB v0VBOX  BOBIS 0000IN 20152
[   0.00000] APIFACS0x000007F00 00000[   .0000]CP: CSx000007FF02 0040   0.0000 APIAP 0x000007FF020 00C (v02BO   VXAIC 00001AS 0000061)
[   0000000]CP: SSDTx000000FF2A 01C(v01VB  VBOXUT00000 ITL01528)   00000 No UM cfiguratin oud
[  00000 Fkig noe atme0x0000000000000x00007fffff
[   0.0000 NOD_DA() allatd me0xff000x7fff]
[   .000] m-cloc Uin msrsb5d01 and4b4d00[    0.000 kvm-lo: pu 0,ms0:7ffe31,prima c clok[   0.000] kvclk: ungched ose o3184426 cls
[  00000 ccksorc km-oc mas: ffffffffff m_ccles 0cd2e4dff, ax_id_n: 88105483 
   0.0000Zonerage
[   0.000]   A    [me0x0000000100x00000ffffff][   0000]   DMA3    emx0000001000000x000007ffff]
[    0.0000]   Norl   pt
  0.0000] Deic  mpy
[  000000]Moab zone srtfor chode   0.00000]arly emy od rge
  0.00000]  de  0:me 00000000000000-0000000000fff]
  0.00000] noe    [emx000000010000x00007ffeffff][   0.000] Itm setp de0 [mem0x00000000000-0x000007feff]
[    .000] AI:M-Tir O Port:0x08
[   0.0000IOIC[0]: icid, rsion , dres0xec00, SI-2
[    00000 AI:INT_RCVR(b 0us_i 0glalrq 2 dfdf)[  0.000 ACPI: IT_C_VR (bus  b_irq gbal_ir9 ighev)
[  00000] ing PIMADTfoSMP confurtio ioratn[   000000smboot Aowng2 Us 0 tpugCP
   0.000000]PMRegistednoavmeory:me0x0000-0x000f]
[   0000 P Registered sae memy:[mem 00f000-000ffff
[  0.0000 P: Reisred osvemeory:me0x000a0000-000eff]
[  000000 P Rgistednoavmery: emx000000x000fff
    0000] 82 [em 0x80000000-0xffff] availble for PC device
  0.000000]ooing rartuaiz krnl n KM
[    000000]losoure:efnejiie: mask:xfffffff mx_yces0xffff mx_id_n 7645516011568 
   0000]setup_perc: NRPU512 r_umskit512 nrcpid:2nrod_is:
    0.0000]PECPU:mbded 3pas/cpu @ffff8807fc000009944 r8192 d31528 u1048576
[  .000]  qpinlckash tab eries25(orde 04096yt)
[  000000]But  zoneiss  Node order mobility grouping on Totl pge: 1596
  0.0000] licyon DMA32[   0000 Kernel cmmnd le:OO_IMAGE=bo/vmluz.40-11geric rt=BEL=oumg-rootfs o onol=tty csoe=ty0
[   .000000] IDash ableenries40 (order:3,3268bys)
[    0.000000] Memory: 2033932K/2096696K available (8499K kernel code, 1309K rwdata, 3988K rodata, 1508K init, 1316K bss, 62764K reseve 0 cmaesved)[   0.000000 SLUB: algn=64, Orde=03, MnOecs=0, Us, Nos=
[    00000Keel/Uerag tble ilation: enable
    .000] erchicalCUmplementati.
[  00000 	uildti ajustntf leafaout to64
[    00000 	CUesriting PUfromNRCP=512 t n_c_ids=2.
   000000]CU Adjstng gometryfo r_fanoutle=64, n_c_is=
[  0.000 NR_IRQS334 nr_qs40 1
[   .00000] Conol colour GA80x25[  0.000] onsolett] enabled
[    0.00000]cool [ty] nale
[    0.000000] tsc: Detected 2294.688 MHz processor
[   30.928931] Calibrating delay loop (skipped) preset value.. 4589.37 BogoMIPS (lpj=9178752)
[   31.091209] pid_max: default: 32768 minimum: 301
[   31.180541] ACPI: Core revision 20150930
[   31.261185] ACPI: 2 ACPI AML tables successfully acquired and loaded
[   31.398163] Security Framework initialized
[   31.431728] Yama: becoming mindful.
[   31.432708] AppArmor: AppArmor initialized
[   31.435379] Dentry cache hash table entries: 262144 (order: 9, 2097152 bytes)
[   31.574930] node-cache hash table entries: 131072 (order: 8, 1048576 bytes)
[   31.713625] Mount-cache hash table entries: 4096 (order: 3, 32768 bytes)
[   31.864333] Mountpoint-cache hash table entries: 4096 (order: 3, 32768 bytes)
[   32.045509] Initializing cgroup subsys io
[   32.137265] Initializing cgroup subsys memory
[   32.247215] Initializing cgroup subsys devices
[   32.372373] Initializing cgroup subsys freezer
[   32.475510] Initializing cgroup subsys net_cls
[   32.563393] Initializing cgroup subsys perf_event
[   32.680920] Initializing cgroup subsys net_prio
[   32.799622] Initializing cgroup subsys hugetlb
[   32.889163] Initializing cgroup subsys pids
[   32.980683] CPU: Physical Processor ID: 0
[   33.085555] CPU: Processor Core ID: 0
[   33.174329] FEATURE SPEC_CTRL Not Present
[   33.269519] mce: CPU supports 0 MCE banks
[   33.380020] Last level iTLB entries: 4KB 1024, 2MB 1024, 4MB 1024
[   33.520520] Last level dTLB entries: 4KB 1024, 2MB 1024, 4MB 1024, 1GB 4
[   33.654200] Freeing SMP alternatives memory: 32K
[   33.756286] ftrace: allocating 32180 entries in 126 pages
[   33.911537] smpboot: APIC(0) Converting physical 0 to logical package 0
[   34.060608] smpboot: Max logical packages: 1
[   34.155915] ..TIMER: vector=0x30 apic1=0 pin1=2 apic2=-1 pin2=-1
[   34.394339] smpboot: CPU0: Intel(R) Core(TM) i7-4850HQ CPU @ 2.30GHz (family: 0x6, model: 0x46, stepping: 0x1)
[   34.631437] Performance Events: unsupported p6 CPU model 70 no PMU driver, software events only.
[   34.829571] KVM setup paravirtual spinlock
[   34.950239] x86: Booting SMP configuration:
[   35.053848] .... node  #0, CPUs:      #1
[   35.151005] kvm-clock: cpu 1, msr 0:7ffe3041, secondary cpu clock
[   35.319284] mce: CPU supports 0 MCE banks
[   35.433573] x86: Booted up 1 node, 2 CPUs
[   35.541720] smpboot: Total of 2 processors activated (9178.75 BogoMIPS)
[   35.709207] devtmpfs: initialized
[   35.792009] evm: security.selinux
[   35.843150] evm: security.SMACK64
[   35.907018] evm: security.SMACK64EXEC
[   35.996321] evm: security.SMACK64TRANSMUTE
[   36.096355] evm: security.SMACK64MMAP
[   36.175960] evm: security.ima
[   36.258676] evm: security.capability
[   36.343686] clocksource: jiffies: mask: 0xffffffff max_cycles: 0xffffffff, max_idle_ns: 7645041785100000 ns
[   36.583948] futex hash table entries: 512 (order: 3, 32768 bytes)
[   36.730585] pinctrl core: initialized pinctrl subsystem
[   36.863246] RTC time: 23:26:48, date: 04/10/18
[   36.955122] NET: Registered protocol family 16
[   37.034698] cpuidle: using governor ladder
[   37.139348] cpuidle: using governor menu
[   37.246942] PCCT header not found.
[   37.333398] ACPI: bus type PCI registered
[   37.453682] acpiphp: ACPI Hot Plug PCI Controller Driver version: 0.5
[   37.599173] PCI: Using configuration type 1 for base access
[   37.749557] ACPI: Added _OSI(Module Device)
[   37.852373] ACPI: Added _OSI(Processor Device)
[   37.948219] ACPI: Added _OSI(3.0 _SCP Extensions)
[   38.046353] ACPI: Added _OSI(Processor Aggregator Device)
[   38.114537] ACPI: Executed 1 blocks of module-level executable AML code
[   38.265294] ACPI: Interpreter enabled
[   38.353619] ACPI: (supports S0 S5)
[   38.424634] ACPI: Using IOAPIC for interrupt routing
[   38.531070] PCI: Using host bridge windows from ACPI; if necessary, use "pci=nocrs" and report a bug
[   38.682821] ACPI: PCI Root Bridge [PCI0] (domain 0000 [bus 00-ff])
[   38.796416] acpi PNP0A03:00: _OSC: OS supports [ASPM ClockPM Segments MSI]
[   38.919206] acpi PNP0A03:00: _OSC failed (AE_NOT_FOUND); disabling ASPM
[   39.031994] acpi PNP0A03:00: fail to add MMCONFIG information, can't access extended PCI configuration space under this bridge.
[   39.188722] PCI host bridge to bus 0000:00
[   39.204909] pci_bus 0000:00: root bus resource [io  0x0000-0x0cf7 window]
[   39.206460] pci_bus 0000:00: root bus resource [io  0x0d00-0xffff window]
[   39.295086] pci_bus 0000:00: root bus resource [mem 0x000a0000-0x000bffff window]
[   39.418423] pci_bus 0000:00: root bus resource [mem 0x80000000-0xffdfffff window]
[   39.529925] pci_bus 0000:00: root bus resource [bus 00-ff]
[   39.614535] pci 0000:00:01.1: legacy IDE quirk: reg 0x10: [io  0x01f0-0x01f7]
[   39.747926] pci 0000:00:01.1: legacy IDE quirk: reg 0x14: [io  0x03f6]
[   39.860636] pci 0000:00:01.1: legacy IDE quirk: reg 0x18: [io  0x0170-0x0177]
[   40.004885] pci 0000:00:01.1: legacy IDE quirk: reg 0x1c: [io  0x0376]
[   40.163335] ACPI: PCI Interrupt Link [LNKA] (IRQs 5 9 10 11) *0, disabled.
[   40.259390] ACPI: PCI Interrupt Link [LNKB] (IRQs 5 9 10 *11)
[   40.299369] ACPI: PCI Interrupt Link [LNKC] (IRQs 5 9 *10 11)
[   40.368651] ACPI: PCI Interrupt Link [LNKD] (IRQs 5 *9 10 11)
[   40.447603] ACPI: Enabled 2 GPEs in block 00 to 07
[   40.532623] vgaarb: setting as boot device: PCI:0000:00:02.0
[   40.636626] vgaarb: device added: PCI:0000:00:02.0,decodes=io+mem,owns=io+mem,locks=none
[   40.797270] vgaarb: loaded
[   40.844337] vgaarb: bridge control possible 0000:00:02.0
[   40.938043] SCSI subsystem initialized
[   41.011913] ACPI: bus type USB registered
[   41.072508] usbcore: registered new interface driver usbfs
[   41.175234] usbcore: registered new interface driver hub
[   41.280623] usbcore: registered new device driver usb
[   41.369618] PCI: Using ACPI for IRQ routing
[   41.404056] NetLabel: Initializing
[   41.434157] NetLabel:  domain hash size = 128
[   41.504428] NetLabel:  protocols = UNLABELED CIPSOv4
[   41.608960] NetLabel:  unlabeled traffic allowed by default
[   41.699345] amd_nb: Cannot enumerate AMD northbridges
[   41.780082] clocksource: Switched to clocksource kvm-clock
[   1.85] pAorAprm FesteEnle
[  4.457 p: P PIinit
   42.053]np: PnP CP: ou 3eves
[   43.231949] clocksource: acpi_pm: mask: 0xffffff max_cycles: 0xffffff, max_idle_ns: 2085701024 n
[   43.502215] NET: Registered protocol family 2
[   43.589732] TCP established hash table entries: 16384 (order: 5, 131072 bytes)
[   43.619606] TCP bind hash table entries: 16384 (order: 6, 262144 bytes)
[   43.680537] TCP: Hash tables configured (established 16384 bind 16384)
[   43.807107] UDP hash table entries: 1024 (order: 3, 32768 bytes)
[   43.809050] UDP-Lite hash table entries: 1024 (order: 3, 32768 bytes)
[   43.870614] NET: Registered protocol family 1
[   43.987107] pci 0000:00:00.0: Limiting direct PCI/PCI transfers
[   44.124713] pci 0000:00:01.0: Activating ISA DMA hang workarounds
[   44.292687] Unpacking initramfs...
[   45.996704] Freeing initrd memory: 10792K
[   46.062114] platform rtc_cmos: registered platform RTC device (no PNP device found)
[   46.302553] Scanning for low memory corruption every 60 seconds
[   46.481223] audit: initializing netlink subsys (disabled)
[   46.636365] audit: type=2000 audit(1523402781.846:1): initialized
[   46.804180] Initialise system trusted keyring
[   46.911699] HugeTLB registered 2 MB page size, pre-allocated 0 pages
[   46.947258] zbud: loaded
[   46.964293] VFS: Disk quotas dquot_6.6.0
[   46.992866] VFS: Dquot-cache hash table entries: 512 (order 0, 4096 bytes)
[   47.145219] tsc: Refined TSC clocksource calibration: 2293.557 MHz
[   47.326771] clocksource: tsc: mask: 0xffffffffffffffff max_cycles: 0x210f6ec6ce7, max_idle_ns: 440795278983 ns
[   47.327110] squashfs: version 4.0 (2009/01/31) Philiip Lougher
ÿ[   47.650078] fuse init (API version 7.23)
[   47.650228] Key type big_key registered
[   47.650251] Allocating IMA MOK and blacklist keyrings.
[   47.650443] Key type asymmetric registered
[   47.650449] Asymmetric key parser 'x509' registered
[   47.650485] Block layer SCSI generic (bsg) driver version 0.4 loaded (major 249)
[   47.650523] io scheduler noop registered
[   47.650524] io scheduler deadline registered (default)
[   47.650551] io scheduler cfq registered
[   47.650649] pci_hotplug: PCI Hot Plug PCI Core version: 0.5
[   47.650653] pciehp: PCI Express Hot Plug Controller Driver version: 0.4
[   47.651014] ACPI: AC Adapter [AC] (on-line)
[   47.651067] input: Power Button as /devices/LNXSYSTM:00/LNXPWRBN:00/input/input0
[   47.651069] ACPI: Power Button [PWRF]
[   47.651180] input: Sleep Button as /devices/LNXSYSTM:00/LNXSLPBN:00/input/input1
[   47.651182] ACPI: Sleep Button [SLPF]
[   47.651437] GHES: HEST is not enabled!
[   47.652822] ACPI: Battery Slot [BAT0] (battery present)
[   47.652864] Serial: 8250/16550 driver, 32 ports, IRQ sharing enabled
[   47.853129] 00:02: ttyS0 at I/O 0x3f8 (irq = 4, base_baud = 115200) is a 16550A
[   47.971153] Linux agpgart interface v0.103
[   48.047290] loop: module loaded
[   48.047835] scsi host0: ata_piix
[   48.047887] scsi host1: ata_piix
[   48.047912] ata1: PATA max UDMA/33 cmd 0x1f0 ctl 0x3f6 bmdma 0xd000 irq 14
[   48.047913] ata2: PATA max UDMA/33 cmd 0x170 ctl 0x376 bmdma 0xd008 irq 15
[   48.047973] libphy: Fixed MDIO Bus: probed
[   48.047974] tun: Universal TUN/TAP device drvver, 1.6
[   48.047974] tun: (C) 1999-2004 Max Krasnyansky <maxk@qualcomm.com>
[   48.048370] PPP generic driver version 2.4.2
[   48.048426] ehci_hcd: USB 2.0 'Enhanced' Host Controller (EHCI) Driver
[   48.048429] ehci-pci: EHCI PCI platform driver
[   48.048442] ehci-platform: EHCI generic platform driver
[   48.048448] ohci_hcd: USB 1.1 'Open' Host Controller (OHCI) Driver
[   48.048450] ohci-pci: OCCI PCI platform driver
[   48.048456] ohci-platform: OHCI generic platform driver
[   48.048462] uhci_hcd: USB Universal Host Controller Interface driver
[   48.048542] i8042: PNP: PS/2 Controller [PNP0303:PS2K,PNP0f03:PS2M] at 0x60,0x64 irq 1,12
[   48.049042] serio: i8042 KBD port at 0x60,0x64 irq 1
[   48.049047] serio: i8042 AUX port at 0x60,0x64 irq 12
[   48.049136] mousedev: PS/2 mouse device common for all mice
[   48.049398] input: AT Translated Set 2 keyboard as /devices/platform/i8042/serio0/input/input2
[   48.049775] rtc_cmos rtc_cmos: rtc core: registered rtc_cmos as rtc0
[   48.049826] rtc_cmos rtc_cmos: alarms up to one day, 114 bytes nvram
[   48.049832] i2c /dev entries driver
[   48.049927] device-mapper: uevent: version 1.0.3
[   48.049998] device-mapper: ioctl: 4.34.0-ioctl (2015-10-28) initialised: dm-devel@redhat.com
[   48.050014] ledtrig-cpu: registered to indicate activity on CPUs
[   48.050582] NET: Registered protocol family 10
[   48.050760] NET: Registered protocol family 17
[   48.050771] Key type dns_resolver registered
[   48.050937] microcode: CPU0 sig=0x40661, pf=0x40, revision=0x0
[   48.062552] microcode: CPU1 sig=0x40661, pf=0x40, revision=0x0
[   48.062625] microcode: Microcode Update Driver: v2.01 <tigran@aivazian.fsnet.co.uk>, Peter Oruba
[   48.062765] registered taskstats version 1
[   48.062776] Loading compiled-in X.509 certificates
[   48.063479] Loaded X.509 cert 'Build time autogenerated kernel key: 4c603087bab8f0a02cb3b4e1fb4c40f507e71ef1'
[   48.063506] zswap: loaded using pool lzo/zbud
[   48.065520] Key type trusted registered
[   48.070258] Key type encrypted registered
[   48.070267] AppArmor: AppArmor sha1 policy hashing enabled
[   48.070270] ima: No TPM chip found, activating TPM-bypass!
[   48.070325] evm: HMAC attrs: 0x1
[   48.070729]   Magic number: 14:553:453
[   48.081044] rtc_cmos rtc_cmos: setting system clock to 2018-04-10 23:26:59 UTC (1523402819)
[   48.081136] BIOS EDD facility v0.16 2004-Jun-25, 0 devices found
[   48.081137] EDD information not available.
[   55.621835] Freeing unused kernel memory: 1508K
[   56.542030] Write protecting the kernel read-only data: 14336k
[   56.657535] Freeing unused kernel memory: 1728K
[   56.744784] Freeing unused kernel memory: 108K
Loading, please [   56.840830] random: systemd-udevd: uninitialized urandom read (16 bytes read, 5 bits of entropy available)
wait...
startin[   56.841473] random: udevadm: uninitialized urandom read (16 bytes read, 5 bits of entropy available)
g version 229
[   56.841495] random: udevadm: uninitialized urandom read (16 bytes read, 5 bits of entropy available)
[   56.851502] random: udevadm: uninitialized urandom read (16 bytes read, 5 bits of entropy available)
[   56.851543] random: udevadm: uninitialized urandom read (16 bytes read, 5 bits of entropy available)
[   56.851700] random: udevadm: uninitialized urandom read (16 bytes read, 5 bits of entropy available)
[   56.851757] random: udevadm: uninitialized urandom read (16 bytes read, 5 bits of entropy available)
[   56.851867] random: udevadm: uninitialized urandom read (16 bytes read, 5 bits of entropy available)
[   56.851938] random: udevadm: uninitialized urandom read (16 bytes read, 5 bits of entropy available)
[   56.851995] random: udevadm: uninitialized urandom read (16 bytes read, 5 bits of entropy available)
[   58.268293] e1000: Intel(R) PRO/1000 Network Driver - version 7.3.21-k8-NAPI
[   58.371844] e1000: Copyright (c) 1999-2006 Intel Corporation.
[   58.471192] Fusion MPT base driver 3.04.20
[   58.550509] Copyright (c) 1999-2008 LSI Corporation
[   58.704794] Fusion MPT SPI Host driver 3.04.20
[   58.870612] AVX version of gcm_enc/dec engaged.
[   58.982936] AES CTR mode by8 optimization enabled
[   59.242349] e1000 0000:00:03.0 eth0: (PCI:33MHz:32-bit) 02:db:14:78:b4:e6
[   59.404833] e1000 0000:00:03.0 eth0: Intel(R) PRO/1000 Network Connection
[   59.410754] input: ImExPS/2 Generic Explorer Mouse as /devices/platform/i8042/serio1/input/input4
[   60.265187] e1000 0000:00:08.0 eth1: (PCI:33MHz:32-bit) 08:00:27:6f:fc:a8
[   60.302845] e1000 0000:00:08.0 eth1: Intel(R) PRO/1000 Network Connection
[   60.370673] e1000 0000:00:03.0 enp0s3: renamed from eth0
[   60.473048] mptbase: ioc0: Initiating bringup
[   60.552846] e1000 0000:00:08.0 enp0s8: renamed from eth1
[   60.698919] ioc0: LSI53C1030 A0: Capabilities={Initiator}
[   61.479184] floppy0: no floppy controllers found
[   61.600152] scsi host2: ioc0: LSI53C1030 A0, FwRev=00000000h, Ports=1, MaxQ=256, IRQ=20
[   61.969628] scsi 2:0:0:0: Direct-Access     VBOX     HARDDISK         1.0  PQ: 0 ANSI: 5
[   62.186319] scsi target2:0:0: Beginning Domain Validation
[   62.307256] scsi target2:0:0: Domain Validation skipping write tests
[   63.364625] scsi target2:0:0: Ending Domain Validation
[   63.497351] scsi target2:0:0: asynchronous
[   63.594252] scsi 2:0:1:0: Direct-Access     VBOX     HARDDISK         1.0  PQ: 0 ANSI: 5
[   63.734740] scsi target2:0:1: Beginning Domain Validation
[   64.401833] scsi target2:0:1: Domain Validation skipping write tests
[   64.525944] scsi target2:0:1: Ending Domain Validation
[   64.649304] scsi target2:0:1: asynchronous
[   65.274995] sd 2:0:0:0: Attached scsi generic sg0 type 0
[   65.405013] sd 2:0:0:0: [sda] 20971520 512-byte logical blocks: (10.7 GB/10.0 GiB)
[   65.405305] sd 2:0:1:0: [sdb] 20480 512-byte logical blocks: (10.5 MB/10.0 MiB)
[   65.405331] sd 2:0:1:0: Attached scsi generic sg1 type 0
[   65.405638] sd 2:0:1:0: [sdb] Write Protect is off
[   65.405913] sd 2:0:1:0: [sdb] Incomplete mode parameter data
[   65.405914] sd 2:0:1:0: [sdb] Assuming drive cache: write through
[   65.409057] sd 2:0:1:0: [sdb] Attached SCSI disk
[   66.666153] sd 2:0:0:0: [sda] Write Protect is off
[   66.769812] sd 2:0:0:0: [sda] Incomplete mode parameter data
[   67.723884] sd 2:0:0:0: [sda] Assuming drive cache: write through
[   67.875124]  sda: sda1
[   67.933722] sd 2:0:0:0: [sda] Attached SCSI disk
Begin: Loading e[   69.393911] md: linear personality registered for level -1
ssential drivers[   69.504629] md: multipath personality registered for level -4
 ... [   69.615732] md: raid0 personality registered for level 0
[   69.821500] md: raid1 personality registered for level 1
[   69.992402] raid6: sse2x1   gen()  9152 MB/s
[   70.136456] raid6: sse2x1   xor()  7524 MB/s
[   70.276165] raid6: sse2x2   gen() 12100 MB/s
[   70.400353] raid6: sse2x2   xor()  8871 MB/s
[   70.548397] raid6: sse2x4   gen() 15078 MB/s
[   70.676124] raid6: sse2x4   xor()  9963 MB/s
[   70.759886] raid6: using algorithm sse2x4 gen() 15078 MB/s
[   70.851715] raid6: .... xor() 9963 MB/s, rmw enabled
[   70.958159] raid6: using ssse3x2 recovery algorithm
[   71.050736] xor: automatically using best checksumming function:
[   71.296106]    avx       : 23273.000 MB/sec
[   71.368394] async_tx: api initialized (async)
[   71.424320] md: raid6 personality registered for level 6
[   71.537068] md: raid5 personality registered for level 5
[   71.622382] md: raid4 personality registered for level 4
[   71.733336] md: raid10 personality registered for level 10
done.
Begin: Running /scripts/i[   71.934338] Btrfs loaded
nit-premount ... done.
Begin: M[   72.005294] EXT4-fs (sda1): mounted filesystem with ordered data mode. Opts: (null)
ounting root file system ... Begin: Running /scripts/local-top ... done.
Begin: Running /scripts/local-premount ... Scanning for Btrfs filesystems
done.
Warning: fsck not present, so skipping root file system
done.
Begin: Running /scripts/local-bottom ... done.
Begin: Running /scripts/init-bottom ... done.
[   72.242701] systemd[1]: systemd 229 running in system mode. (+PAM +AUDIT +SELINUX +IMA +APPARMOR +SMACK +SYSVINIT +UTMP +LIBCRYPTSETUP +GCRYPT +GNUTLS +ACL +XZ -LZ4 +SECCOMP +BLKID +ELFUTILS +KMOD -IDN)
[   72.494993] systemd[1]: Detected virtualization oracle.
[   72.519186] systemd[1]: Detected architecture x86-64.

Welcome to [1mUbuntu 16.04.3 LTS[0m!

[   72.537461] systemd[1]: Set hostname to <ubuntu>.
[   72.773258] systemd[1]: Initializing machine ID from random generator.
[   72.998208] systemd[1]: Installed transient /etc/machine-id file.
[   73.382803] systemd[1]: Listening on Journal Socket (/dev/log).
[[0;32m  OK  [0m] Listening on Journal Socket (/dev/log).
[   73.452487] systemd[1]: Started Trigger resolvconf update for networkd DNS.
[[0;32m  OK  [0m] Started Trigger resolvconf update for networkd DNS.
[   73.612431] systemd[1]: Listening on udev Control Socket.
[[0;32m  OK  [0m] Listening on udev Control Socket.
[   73.669108] systemd[1]: Listennng on Syslog Socket.
[[0;32m  OK  [0m] Listening on Syslog Socket.
[   73.900982] systemd[1]: Listening on Journal Audit Socket.
[[0;32m  OK  [0m] Listening on Journal Audit Socket.
[   74.109447] systemd[1]: Listening on LVM2 metadata daemon socket.
[[0;32m  OK  [0m] Listening on LVM2 metadata daemon socket.
[   74.385335] systemd[1]: Reached target Swap.
[[0;32m  OK  [0m] Reached target Swap.
[   74.640986] systemd[1]: Listening on /dev/initctl Compatibility Named Pipe.
[[0;32m  OK  [0m] Listening on /dev/initctl Compatibility Named Pipe.
[   74.728746] systemd[1]: Created slice System Slice.
[[0;32m  OK  [0m] Created slice System Slice.
[   74.929540] systemd[1]: Listening on Journal Socket.
[[0;32m  OK  [0m] Listening on Journal Socket.
[   75.153004] systemd[1]: Starting Journal Service...
[   75.369619] rando: nbckg olisnialed

         Starting Journal Service...
[   75.868785] systemd[1]: Starting Set console keymap...
         Starting Set console keymap...
[   76.112769] systemd[1]: Starting Remount Root and Kernel File Systems...
[   76.117170] EXT4-fs (sda1): re-mounted. Opts: (null)
         Starting Remount Root and Kernel File Systems...
[   76.652741] systemd[1]: Starting Uncomplicated firewall...
         Starting Uncomplicated firewall...
[   76.916261] systemd[1]: Starting Nameserver information manager...
         Starting Nameserver information manager...
[   76.972742] systemd[1]: Mounting POSIX Message Queue File System...
         Mounting POSIX Message Queue File System...
[   77.241174] systemd[1]: Created slice system-serial\x2dgetty.slice.
[[0;32m  OK  [0m] Created slice system-serial\x2dgetty.slice.
[   77.541421] systemd[1]: Created slice User and Session Slice.
[[0;32m  OK  [0m] Created slice User and Session Slice.
[   77.840774] systemd[1]: Reached target Slices.
[[0;32m  OK  [0m] Reached target Slices.
[   78.020308] systemd[1]: Mounting Debug File System...
         Mounting Debug File System...
[   78.046626] systemd[1]: Set up automount Arbitrary Executable File Formats File System Automount Point.
[[0;32m  OK  [0m] Set up automount Arbitrary Executab...ats File System Automount Point.
[   78.108721] systemd[1]: Reached target User and Group Name Lookups.
[[0;32m  OK  [0m] Reached target User and Group Name Lookups.
[   78.468857] systemd[1]: Starting Create list of required static device nodes for the current kernel...
         Starting Create list of required st... nodes for the current kernel...
[   78.901174] systemd[1]: Started Forwrrd Password Requests to Wall Directory Watch.
[[0;32m  OK  [0m] Started Forward Password Requests to Wall Directory Watch.
[   79.153415] systemd[1]: Listening on Device-mapper event daemon FIFOs.
[[0;32m  OK  [0m] Listening on Device-mapper event daemon FIFOs.
[   79.392874] systemd[1]: Starting Monitoring of LVM2 mirrors, snapshots etc. using dmeventd or progress polling...
         Starting Monitoring of LVM2 mirrors... dmeventd or progress polling...
[   79.737224] systemd[1]: Listening on LVM2 poll daemon socket.
[[0;32m  OK  [0m] Listening on LVM2 poll daemon socket.
[   79.984518] systemd[1]: Reacee  target Encrypted Volumes.
[[0;32m  OK  [0m] Reached target Encrypted Volumes.
[   80.240338] systemd[1]: Starting Load Kernel Modules...
         Startin[   80.327845] Loading iSCSI transport class v2.0-870.
g Load Kernel Mo[   80.426236] iscsi: registered transport (tcp)
dules...
[   80.533184] systemd[1]: Mounting Huge Pages File System...
         [   80.667308] iscsi: registered transport (iser)
Mounting Huge Pages File System...
[   80.769229] systemd[1]: Listening on udev Kernel Socket.
[[0;32m  OK  [0m] Listening on udev Kernel Socket.
[   81.058789] systemd[1]: Mounted POSIX Message Queue File System.
[[0;32m  OK  [0m] Mounted POSIX Message Queue File System.
[   81.332504] systemd[1]: Mounted Debug File System.
[[0;32m  OK  [0m] Mounted Debug File System.
[   81.385600] systemd[1]: Mounted Huge Pages File System.
[[0;32m  OK  [0m] Mounted Huge Pages File System.
[   81.597700] systemd[1]: Started Journal Service.
[[0;32m  OK  [0m] Started Journal Service.
[[0;32m  OK  [0m] Started Set console keymap.
[[0;32m  OK  [0m] Started Remount Root and Kernel File Systems.
[[0;32m  OK  [0m] Started Uncomplicated firewall.
[[0;32m  OK  [0m] Started Create list of required sta...ce nodes for the current kernel.
[[0;32m  OK  [0m] Started Load Kernel Modules.
[[0;32m  OK  [0m] Started Nameserver information manager.
[[0;32m  OK  [0m] Started LVM2 metadata daemon.
         Starting Apply Kernel Variables...
         Mounting FUSE Control File System...
         Starting Create Static Device Nodes in /dev...
         Starting Load/Save Random Seed...
         Starting Initial cloud-init job (pre-networking)...
         Starting udev Coldplug all Devices...
         Starting Flush Journal to Persistent Storage...
[[0;32m  OK  [0m] Mounted FUSE Control File System.
[[0;32m  OK  [0m] Started Monitoring of LVM2 mirrors,...ng dmeventd or progress polling.
[[0;32m  OK  [0m] Started Apply Kernel Variables.
[[0;32m  OK  [0m] Started Create Static Device Nodes in /dev.
[[0;32m  OK  [0m] Started Load/Save Random Seed.
[[0;32m  OK  [0m] Started udev Coldplug all Devices.
         Starting udev Kernel Device Manager...
[[0;32m  OK  [0m] Started udev Kernel Device Manager.
[[0;32m  OK  [0m] Started Flush Journal to Persistent Storage.
[[0;32m  OK  [0m] Reached target Local File Systems (Pre).
[[0;32m  OK  [0m] Reached target Local File Systems.
[   42.256266] cloud-init[461]: Cloud-init v. 17.1 running 'init-local' at Tue, 10 Apr 2018 23:27:34 +0000. Up 41.93 seconds.
         Starting Create Volatile Files and Directories...
         Starting LSB: AppArmor initialization...
         Starting Set console font and keymap...
         Starting Tell Plymouth To Write Out Runtime Data...
         Starting Commit a transient machine-id on disk...
[[0;32m  OK  [0m] Started Dispatch Password Requests to Console Directory Watch.
[[0;32m  OK  [0m] Started Create Volatile Files and Directories.
[[0;32m  OK  [0m] Started Tell Plymouth To Write Out Runtime Data.
[[0;32m  OK  [0m] Started Commit a transient machine-id on disk.
[[0;32m  OK  [0m] Started Set console font and keymap.
[[0;32m  OK  [0m] Started Initial cloud-init job (pre-networking).
[[0;32m  OK  [0m] Found device /dev/ttyS0.
[[0;32m  OK  [0m] Listening on Load/Save RF Kill Switch Status /dev/rfkill Watch.
[[0;32m  OK  [0m] Reached target Network (Pre).
[[0;32m  OK  [0m] Created slice system-getty.slice.
[[0;32m  OK  [0m] Reached target System Time Synchronized.
         Starting Update UTMP about System Boot/Shutdown...
[[0;32m  OK  [0m] Started LSB: AppArmor initialization.
[[0;32m  OK  [0m] Started Update UTMP about System Boot/Shutdown.
         Starting Raise network interfaces...
[[0;32m  OK  [0m] Started ifup for enp0s3.
[[0;32m  OK  [0m] Started Raise network interfaces.
[[0;32m  OK  [0m] Reached target Network.
         Starting Initial cloud-init job (metadata service crawler)...
[   46.382368] cloud-init[987]: Cloud-init v. 17.1 running 'init' at Tue, 10 Apr 2018 23:27:38 +0000. Up 45.71 seconds.
[   46.508905] [cloud-init[0;32m  OK  [0m[987]: ] ci-info: ++++++++++++++++++++++++++++++++++++++Net device info++++++++++++++++++++++++++++++++++++++Started Initial cloud-init job (metadata service crawler).

[   46.509833] cloud-init[987]: ci-info: +--------+-------+----------------------------+---------------+-------+-------------------+
[   46.820541] [cloud-init[0;32m  OK  [0m[987]: ] ci-info: | Device |   Up  |          Address           |      Mask     | Scope |     Hw-Address    |Reached target System Initialization.

         Starting LXD - unix socket.
[[0;32m  OK  [0m] Listening on UUID daemon activation socket.
[[0;32m  OK  [0m] Started Timer to automatically refresh installed snaps.
[[0;32m  OK  [0m] Started Daily Cleanup of Temporary Directories.
[[0;32m  OK  [0m] Listening on ACPID Listen Socket.
[[0;32m  OK  [0m] Listening on D-Bus System Message Bus Socket.
[   46.821509] cloud-init[987]: ci-info: +--------+-------+----------------------------+---------------+-------+-------------------+
[   47.773100] [cloud-init[0;32m  OK  [0m[987]: ] ci-info: | enp0s3 |  True |         10.0.2.15          | 255.255.255.0 |   .   | 02:db:14:78:b4:e6 |Started ACPI Events Check.

[[0;32m  OK  [0m] Reached target Paths.
[   47.773766] cloud-init[987]: ci-info: | enp0s3 |  True | fe80::db:14ff:fe78:b4e6/64 |       .       |  link | 02:db:14:78:b4:e6 |
         Starting Socket activation for snappy daemon.
[[0;32m  OK  [0m] Reached target Network is Online.
[[0;32m  OK  [0m] Started Daily apt download activities.
[[0;32m  OK  [0m] Started Daily apt upgrade and clean activities.
[   47.870070] cloud-init[987]: ci-info: | enp0s8 | False |             .              |       .       |   .   | 08:00:27:6f:fc:a8 |
[   48.193431] cloud-init[987]: ci-info: |   lo   |  True |         127.0.0.1          |   255.0.0.0   |   .   |         .         |
[[0;32m  OK  [0m] Reached target Timers.
[   48.194767] cloud-init[987]: ci-info: |   lo   |  True |          ::1/128           |       .       |  host |         .         |
[   48.372417]          cloud-initStarting iSCSI initiator daemon (iscsid)...[987]: 
ci-info: +--------+-------+----------------------------+---------------+-------+-------------------+
[   48.508536] [cloud-init[0;32m  OK  [0m[987]: ] ci-info: +++++++++++++++++++++++++++Route IPv4 info++++++++++++++++++++++++++++Reached target Cloud-config availability.

[   48.509563] cloud-init[987]: ci-info: +-------+-------------+----------+---------------+-----------+-------+
[   48.621896] [[0;32m  OK  [0m] Listening on LXD - unix socket.
[[0;32m  OK  [0m] Listening on Socket activation for snappy daemon.
cloud-init[987]: ci-info: | Route | Destination | Gateway  |    Genmask    | Interface | Flags |
[[0;32m  OK  [0m] Reached target Sockets.
[   48.712550] cloud-init[987]: ci-info: +-------+-------------+----------+---------------+-----------+-------+
[[0;32m  OK  [0m] Reached target Basic System.
[   48.713461] [cloud-init[0;32m  OK  [0m[987]: ] ci-info: |   0   |   0.0.0.0   | 10.0.2.2 |    0.0.0.0    |   enp0s3  |   UG  |Started Unattended Upgrades Shutdown.

[   48.884481] [cloud-init[0;32m  OK  [0m[987]: ] ci-info: |   1   |   10.0.2.0  | 0.0.0.0  | 255.255.255.0 |   enp0s3  |   U   |Started ACPI event daemon.

[   48.885676] cloud-init[987]: ci-info: +-------+-------------+----------+---------------+-----------+-------+
[   49.028442]          cloud-initStarting Apply the settings specified in cloud-config...[987]: 
Generating public/private rsa key pair.
[   49.132419] [cloud-init[0;32m  OK  [0m[987]: ] Your identification has been saved in /etc/ssh/ssh_host_rsa_key.Started D-Bus System Message Bus.

[   49.133271] cloud-init[987]: Your public key has been saved in /etc/ssh/ssh_host_rsa_key.pub.
         Starting LSB: MD monitoring daemon...
[   49.256073] cloud-init[987]: The key fingerprint is:
[   49.333734] cloud-init[987]: SHA256:KnMWmw4P4JWB9L0G5MOrllSjrCk5HAlsXYAsieyP6vY root@ubuntu-xenial
[   49.334425] cloud-init[987]: The key's randomart image is:
[[0;32m  OK  [0m] Started Regular background program processing daemon.
[   49.334863] cloud-init[987]: +---[RSA 2048]----+
[   49.500428] cloud-init[987]: |+.o.o.           |
[   49.500928] cloud-init[987]: |==.*..           |
         Starting LSB: Record successful boot for GRUB...
[   49.501329] cloud-init[987]: |+o..X .          |
[[   49.676691] cloud-init[987]: |oo.o B .         |
[   49.676910] cloud-init[987]: | oB + + S        |
[0;32m  OK  [0m] Started FUSE filesystem for LXC.
[   49.677206] cloud-init[987]: |.B.* . =         |
[   49.828472] cloud-init[987]: |B.= = *          |
[   49.829159] cloud-init[987]:          |o+   X           |Starting /etc/rc.local Compatibility...

[   49.904418] cloud-init[987]: |o..E  o          |
[   49.904824] cloud-init[987]: +----[SHA256]-----+
         Starting Snappy daemon...
[   49.905049] cloud-init[987]: Generating public/private dsa key pair.
[   50.037448] cloud-init[987]: Your identification has been saved in /etc/ssh/ssh_host_dsa_key.
[   50.038009] cloud-init[987]: Your public key has been saved in /etc/ssh/ssh_host_dsa_key.pub.
         Starting System Logging Service...
[   50.038435] cloud-init[987]: The key fingerprint is:
[   50.092021] cloud-init[987]: SHA256:TQ2ScuU9HnGooBQDtCPI4GemR1pMek+hFg7GvqF0M9Y root@ubuntu-xenial
[   50.144573] cloud-init[987]: The key's randomart image is:
[   50.145187] cloud-init[987]: +---[DSA 1024]----+
         Starting Accounts Service...
[   50.145523] cloud-init[987]: |oo +ooo..oo ...  |
[   50.276527] cloud-init[987]: |=o* o.+.+o +.o   |
[   50.277051] cloud-init[987]: |o+.%+o + .o.=    |
         Starting Login Service...
[   50.277294] cloud-init[987]: | +@*oE.  o.. o   |
[   50.325254] cloud-init[987]: |oo=.o.  S . .    |
[[   50.376560] cloud-init[987]: |...              |
[   50.377230] cloud-init[987]: |                 |
[0;32m  OK  [0m] Started Deferred execution scheduler.
[   50.377583] cloud-init[987]: |                 |
[   50.497500] cloud-init[987]: |                 |
[   50.498072] cloud-init[987]: +----[SHA256]-----+
         Starting Pollinate to seed the pseudo random number generator...
[   50.498430] cloud-init[987]: Generating public/private ecdsa key pair.
         [   50.653012] Starting LXD - container startup/shutdown...cloud-init
[987]: Your identification has been saved in /etc/ssh/ssh_host_ecdsa_key.
[   50.762261] cloud-init[987]: Your public key has been saved in /etc/ssh/ssh_host_ecdsa_key.pub.
[   50.762737] cloud-init[987]: The key fingerprint is:
[[0;32m  OK  [0m] Started Snappy daemon.
[[   50.763085] cloud-init[987]: SHA256:1+cvi20dAQlDNhPW5Wpt2AWfP7mcfjEuSA56UVL/us4 root@ubuntu-xenial
[   50.807703] cloud-init[987]: The key's randomart image is:
[0;32m  OK  [0m] Started System Logging Service.
[   50.807887] cloud-init[987]: +---[ECDSA 256]---+
[[   51.004383] cloud-init[987]: |          .X+ +. |
[   51.006194] cloud-init[987]: |          o.++.o.|
[0;32m  OK  [0m] Started iSCSI initiator daemon (iscsid).
[   51.006776] cloud-init[987]: |          . . .oo|
[[   51.116386] cloud-init[987]: |         . o .=.+|
[   51.117065] cloud-init[987]: |        S + .+o*o|
[0;32m  OK  [0m] Started Apply the settings specified in cloud-config.
[[0;32m  OK  [0m] Started /etc/rc.local Compatibility.
[[0;32m  OK  [0m] Started Pollinate to seed the pseudo random number generator.
[[0;32m  OK  [0m] Started LXD - container startup/shutdown.
[   51.117389] cloud-init[987]: |         + ..oo=+|
[   51.416509] [cloud-init[0;32m  OK  [0m[987]: ] |        . = . +=+|Started LSB: MD monitoring daemon.

[   51.417457] cloud-init[[987]: [0;32m  OK  [0m|       . . o.=+oo|] 
Started LSB: Record successful boot for GRUB.
[   51.528730]          cloud-initStarting Authenticate and Authorize Users to Run Privileged Tasks...[987]: 
|        .   oE=+o|
[   51.604706] cloud-init[987]: +----[SHA256]-----+
         Starting OpenBSD Secure Shell server...
[   51.605625] cloud-init[987]: Generating public/private ed25519 key pair.
[   51.716275]          cloud-initStarting Login to default iSCSI targets...[987]: 
Your identification has been saved in /etc/ssh/ssh_host_ed25519_key.
[   51.820296] [cloud-init[0;32m  OK  [0m[987]: ] Your public key has been saved in /etc/ssh/ssh_host_ed25519_key.pub.Started OpenBSD Secure Shell server.

[   51.820859] cloud-init[987]: The key fingerprint is:
[   51.976733] [cloud-init[0;32m  OK  [0m[987]: ] SHA256:RqRxAHwdq/2PnFwE9jKinjFw4YPFcpy1Vf44Ou3QZ68 root@ubuntu-xenialStarted Login Service.

[   51.977571] [[0;32m  OK  [0m] Started Authenticate and Authorize Users to Run Privileged Tasks.
cloud-init[987]: The key's randomart image is:
[[0;32m  OK  [0m] Started Accounts Service.
[   52.058630] cloud-init[987]: +--[ED25519 256]--+
[   52.189458] [cloud-init[0;32m  OK  [0m[987]: ] |   ...oo=....    |Started Login to default iSCSI targets.

[[0;32m  OK  [0m] Reached target Remote File Systems (Pre).
[   52.270297] cloud-init[987]: |    .o.B.+ .     |
[   52.360736] [cloud-init[0;32m  OK  [0m[987]: ] |    ..O + o .    |Reached target Remote File Systems.

[   52.421112]          Starting Permit User Sessions...
cloud-init[987]: |     * = . o o   |
[   52.440503]          cloud-initStarting LSB: Set the CPU Frequency Scaling governor to "ondemand"...[987]: 
|    o = S o = .  |
[   52.536720]          cloud-initStarting LSB: automatic crash report generation...[987]: 
|     o + o B .   |
         Starting LSB: daemon to balance interrupts for SMP systems...
[   52.623362] cloud-init[987]: |      +   = + o  |
         Starting LSB: VirtualBox Linux Additions...
[   52.722959] cloud-init[987]: |     . + o O o . |
[   52.820630] cloud-init[987]: |      o   = o E..|
[   52.821554] cloud-init[987]: +----[SHA256]-----+
[[0;32m  OK  [0m] Started Permit User Sessions.
[   52.824468] cloud-init[1088]: Generating locales (this might take a while)...
[   53.048273] cloud-init[1088]:   en_US.UTF-8... done
[   53.048674] cloud-init[1088]: Generation complete.
[[0;32m  OK  [0m] Created slice User Slice of vagrant.
[   53.048923] cloud-init[1088]: Cloud-init v. 17.1 running 'modules:config' at Tue, 10 Apr 2018 23:27:41 +0000. Up 49.25 seconds.
[[0;32m  OK  [0m] Started Session 1 of user vagrant.
         Starting User Manager for UID 1000...
         Starting Terminate Plymouth Boot Screen...
         Starting Hold until boot process finishes up...
[[0;32m  OK  [0m] Started User Manager for UID 1000.
[[0;32m  OK  [0m] Started LSB: Set the CPU Frequency Scaling governor to "ondemand".
[[0;32m  OK  [0m] Started LSB: automatic crash report generation.
[[0;32m  OK  [0m] Started LSB: daemon to balance interrupts for SMP systems.
[[0;32m  OK  [0m] Started LSB: VirtualBox Linux Additions.
[[0;32m  OK  [0m] Started Terminate Plymouth Boot Screen.
[[0;32m  OK  [0m] Started Hold until boot process finishes up.
[[0;32m  OK  [0m] Started Serial Getty on ttyS0.
         Starting Set console scheme...
[[0;32m  OK  [0m] Started Getty on tty1.
[[0;32m  OK  [0m] Reached target Login Prompts.
[[0;32m  OK  [0m] Reached target Multi-User System.
         Starting Execute cloud user/final scripts...
[[0;32m  OK  [0m] Reached target Graphical Interface.
         Starting Update UTMP about System Runlevel Changes...
[[0;32m  OK  [0m] Started Set console scheme.
[[0;32m  OK  [0m] Started Update UTMP about System Runlevel Changes.
ci-info: no authorized ssh keys fingerprints found for user ubuntu.
<14>Apr 10 23:27:47 ec2: 
<14>Apr 10 23:27:47 ec2: #############################################################
<14>Apr 10 23:27:47 ec2: -----BEGIN SSH HOST KEY FINGERPRINTS-----
<14>Apr 10 23:27:47 ec2: 1024 SHA256:TQ2ScuU9HnGooBQDtCPI4GemR1pMek+hFg7GvqF0M9Y root@ubuntu-xenial (DSA)
<14>Apr 10 23:27:47 ec2: 256 SHA256:1+cvi20dAQlDNhPW5Wpt2AWfP7mcfjEuSA56UVL/us4 root@ubuntu-xenial (ECDSA)
<14>Apr 10 23:27:47 ec2: 256 SHA256:RqRxAHwdq/2PnFwE9jKinjFw4YPFcpy1Vf44Ou3QZ68 root@ubuntu-xenial (ED25519)
<14>Apr 10 23:27:47 ec2: 2048 SHA256:KnMWmw4P4JWB9L0G5MOrllSjrCk5HAlsXYAsieyP6vY root@ubuntu-xenial (RSA)
<14>Apr 10 23:27:47 ec2: -----END SSH HOST KEY FINGERPRINTS-----
<14>Apr 10 23:27:47 ec2: #############################################################
-----BEGIN SSH HOST KEY KEYS-----
ecdsa-sha2-nistp256 AAAAE2VjZHNhLXNoYTItbmlzdHAyNTYAAAAIbmlzdHAyNTYAAABBBNth+DqTkYBo5tbyBYkBTJVBjVPrN8LxDwq1Rhyyng+465x0NpqfdaXERFYJX6MzPd/ThkVZc6PbsB/pqCmYcmQ= root@ubuntu-xenial
ssh-ed25519 AAAAC3NzaC1lZDI1NTE5AAAAIPZKnRJ5teTIMtNQWb6hivU3nzceCaVJzImtm9YlbDni root@ubuntu-xenial
ssh-rsa AAAAB3NzaC1yc2EAAAADAQABAAABAQDfnTuTW7TaVMQYhBUW9kHCFo2GRrCK6abld+siECcQHrTKWUkBKeA65lYCBdVNSyxu4FsvVq5tbjqy5IUP6tDgkWQDvpG19GHIAIHx8yFTv3xeICBIHkYcl+oemgnHX6Xqs2vRISC7D2SlP1yDl87p1jFMFXEPsrf6fcYwqdXN+Fa64LuC37pVH7h4yv7PlbCLmAQhbp6lWi37AOl/JISIaB+ieI1Mu5LVdu+6Wdh1207fERlNQMeLc4moBp9pN3ePusbU4limwkVMH0WO2X5i3BSJ9VSgsfg31KFLl7R5r6zV9uaRpOyos00ekiTMVDuNwFb+YDrx569qX7UW4VZP root@ubuntu-xenial
-----END SSH HOST KEY KEYS-----
[   55.636184] cloud-init[1349]: Cloud-init v. 17.1 running 'modules:final' at Tue, 10 Apr 2018 23:27:46 +0000. Up 54.48 seconds.
[   55.722609] cloud-init[1349]: ci-info: no authorized ssh keys fingerprints found for user ubuntu.
[   55.768868] cloud-init[1349]: Cloud-init v. 17.1 finished at Tue, 10 Apr 2018 23:27:47 +0000. Datasource DataSourceNoCloud [seed=/dev/sdb][dsmode=net].  Up 55.62 seconds
         Stopping User Manager for UID 1000...
[[0;32m  OK  [0m] Stopped User Manager for UID 1000.
[[0;32m  OK  [0m] Started Execute cloud user/final scripts.
[[0;32m  OK  [0m] Removed slice User Slice of vagrant.
[[0;32m  OK  [0m] Reached target Cloud-init target.

Ubuntu 16.04.3 LTS cameronlockey ttyS0

cameronlockey login: 